2022-07-31 14:53:49,575 INFO loading None profile from config /Users/vatsalbhargava/.twarc
2022-07-31 14:56:31,792 INFO using config /Users/vatsalbhargava/Library/Application Support/twarc/config
2022-07-31 14:56:31,793 INFO creating config file: /Users/vatsalbhargava/Library/Application Support/twarc/config
2022-07-31 14:56:31,793 INFO creating config directory: /Users/vatsalbhargava/Library/Application Support/twarc
2022-07-31 14:56:54,152 INFO using config /Users/vatsalbhargava/Library/Application Support/twarc/config
2022-07-31 14:56:54,152 INFO creating HTTP session headers for app auth.
2022-07-31 14:57:05,967 INFO using config /Users/vatsalbhargava/Library/Application Support/twarc/config
2022-07-31 14:57:05,967 INFO creating HTTP session headers for app auth.
2022-07-31 14:57:05,968 INFO getting ('https://api.twitter.com/2/tweets/search/stream/rules',) {}
2022-07-31 14:57:06,308 INFO connecting to stream https://api.twitter.com/2/tweets/search/stream
2022-07-31 14:57:06,308 INFO getting ('https://api.twitter.com/2/tweets/search/stream',) {'params': {'expansions': 'author_id,in_reply_to_user_id,referenced_tweets.id,referenced_tweets.id.author_id,entities.mentions.username,attachments.poll_ids,attachments.media_keys,geo.place_id', 'tweet.fields': 'attachments,author_id,context_annotations,conversation_id,created_at,entities,geo,id,in_reply_to_user_id,lang,public_metrics,text,possibly_sensitive,referenced_tweets,reply_settings,source,withheld', 'user.fields': 'created_at,description,entities,id,location,name,pinned_tweet_id,profile_image_url,protected,public_metrics,url,username,verified,withheld', 'media.fields': 'alt_text,duration_ms,height,media_key,preview_image_url,type,url,width,public_metrics', 'poll.fields': 'duration_minutes,end_datetime,id,options,voting_status', 'place.fields': 'contained_within,country,country_code,full_name,geo,id,name,place_type'}, 'stream': True}
2022-07-31 14:57:09,747 INFO archived 1553817031723843584
2022-07-31 14:57:09,976 INFO archived 1553817033468309505
2022-07-31 14:57:09,979 INFO archived 1553817033808158722
2022-07-31 14:57:09,980 INFO archived 1553817033921347585
2022-07-31 14:57:10,864 INFO archived 1553817038614941698
2022-07-31 14:57:11,024 INFO archived 1553817037767467011
2022-07-31 14:57:11,025 INFO archived 1553817037834661889
2022-07-31 14:57:11,026 INFO archived 1553817041425104896
2022-07-31 14:57:11,027 INFO archived 1553817040229736449
2022-07-31 14:57:11,028 INFO archived 1553817039462342656
2022-07-31 14:57:12,149 INFO archived 1553817045203947520
2022-07-31 14:57:12,150 INFO archived 1553817043811844096
2022-07-31 14:57:12,151 INFO archived 1553817044402987011
2022-07-31 14:58:30,410 INFO using config /Users/vatsalbhargava/Library/Application Support/twarc/config
2022-07-31 14:58:30,411 INFO creating HTTP session headers for app auth.
2022-07-31 14:58:30,411 INFO getting ('https://api.twitter.com/2/tweets/search/stream/rules',) {}
2022-07-31 14:58:30,725 INFO connecting to stream https://api.twitter.com/2/tweets/search/stream
2022-07-31 14:58:30,725 INFO getting ('https://api.twitter.com/2/tweets/search/stream',) {'params': {'expansions': 'author_id,in_reply_to_user_id,referenced_tweets.id,referenced_tweets.id.author_id,entities.mentions.username,attachments.poll_ids,attachments.media_keys,geo.place_id', 'tweet.fields': 'attachments,author_id,context_annotations,conversation_id,created_at,entities,geo,id,in_reply_to_user_id,lang,public_metrics,text,possibly_sensitive,referenced_tweets,reply_settings,source,withheld', 'user.fields': 'created_at,description,entities,id,location,name,pinned_tweet_id,profile_image_url,protected,public_metrics,url,username,verified,withheld', 'media.fields': 'alt_text,duration_ms,height,media_key,preview_image_url,type,url,width,public_metrics', 'poll.fields': 'duration_minutes,end_datetime,id,options,voting_status', 'place.fields': 'contained_within,country,country_code,full_name,geo,id,name,place_type'}, 'stream': True}
2022-07-31 14:58:51,114 INFO keep-alive
2022-07-31 14:58:56,878 INFO archived 1553817482091175937
